2018-10-17 01:45:13,329 INFO 载入数据......
2018-10-17 01:45:13,330 DEBUG 载入完成,准备生成字典对象和统计文本数据...
2018-10-17 01:45:13,330 INFO 共有11个文档
2018-10-17 01:45:13,331 INFO 词与序号对应关系已保存到/home/leon/PycharmProjects/python-LDA-master/data/tmp/word_id_map.dat
2018-10-17 01:45:13,719 INFO 迭代完成。
2018-10-17 01:45:13,719 DEBUG 计算文章-主题分布
2018-10-17 01:45:13,719 DEBUG 计算词-主题分布
2018-10-17 01:45:13,719 DEBUG 保存模型
2018-10-17 01:45:13,719 INFO 文章-主题分布已保存到/home/leon/PycharmProjects/python-LDA-master/data/tmp/model_theta.dat
2018-10-17 01:45:13,719 INFO 词-主题分布已保存到/home/leon/PycharmProjects/python-LDA-master/data/tmp/model_phi.dat
2018-10-17 01:45:13,720 INFO 参数设置已保存到/home/leon/PycharmProjects/python-LDA-master/data/tmp/model_parameter.dat
2018-10-17 01:45:13,720 INFO 主题topN词已保存到/home/leon/PycharmProjects/python-LDA-master/data/tmp/model_t_words.dat
2018-10-17 01:45:13,722 INFO 文章-词-主题分派结果已保存到/home/leon/PycharmProjects/python-LDA-master/data/tmp/model_tassign.dat
2018-10-17 01:45:13,723 INFO 模型训练完成。
2018-10-17 02:03:10,656 INFO 载入数据......
2018-10-17 02:03:10,656 DEBUG 载入完成,准备生成字典对象和统计文本数据...
2018-10-17 02:03:10,656 INFO 共有11个文档
2018-10-17 02:03:10,657 INFO 词与序号对应关系已保存到/home/leon/PycharmProjects/python-LDA-master/data/tmp/word_id_map.dat
2018-10-17 02:03:11,028 INFO 迭代完成。
2018-10-17 02:03:11,028 DEBUG 计算文章-主题分布
2018-10-17 02:03:11,028 DEBUG 计算词-主题分布
2018-10-17 02:03:11,028 DEBUG 保存模型
2018-10-17 02:03:11,028 INFO 文章-主题分布已保存到/home/leon/PycharmProjects/python-LDA-master/data/tmp/model_theta.dat
2018-10-17 02:03:11,028 INFO 词-主题分布已保存到/home/leon/PycharmProjects/python-LDA-master/data/tmp/model_phi.dat
2018-10-17 02:03:11,029 INFO 参数设置已保存到/home/leon/PycharmProjects/python-LDA-master/data/tmp/model_parameter.dat
2018-10-17 02:03:11,029 INFO 主题topN词已保存到/home/leon/PycharmProjects/python-LDA-master/data/tmp/model_t_words.dat
2018-10-17 02:03:11,030 INFO 文章-词-主题分派结果已保存到/home/leon/PycharmProjects/python-LDA-master/data/tmp/model_tassign.dat
2018-10-17 02:03:11,030 INFO 模型训练完成。
2018-10-17 02:04:56,322 INFO 载入数据......
2018-10-17 02:04:56,322 DEBUG 载入完成,准备生成字典对象和统计文本数据...
2018-10-17 02:04:56,323 INFO 共有11个文档
2018-10-17 02:04:56,323 INFO 词与序号对应关系已保存到/home/leon/PycharmProjects/python-LDA-master/data/tmp/word_id_map.dat
2018-10-17 02:04:56,726 INFO 迭代完成。
2018-10-17 02:04:56,726 DEBUG 计算文章-主题分布
2018-10-17 02:04:56,726 DEBUG 计算词-主题分布
2018-10-17 02:04:56,726 DEBUG 保存模型
2018-10-17 02:04:56,726 INFO 文章-主题分布已保存到/home/leon/PycharmProjects/python-LDA-master/data/tmp/model_theta.dat
2018-10-17 02:04:56,726 INFO 词-主题分布已保存到/home/leon/PycharmProjects/python-LDA-master/data/tmp/model_phi.dat
2018-10-17 02:04:56,727 INFO 参数设置已保存到/home/leon/PycharmProjects/python-LDA-master/data/tmp/model_parameter.dat
2018-10-17 02:04:56,727 INFO 主题topN词已保存到/home/leon/PycharmProjects/python-LDA-master/data/tmp/model_t_words.dat
2018-10-17 02:04:56,731 INFO 文章-词-主题分派结果已保存到/home/leon/PycharmProjects/python-LDA-master/data/tmp/model_tassign.dat
2018-10-17 02:04:56,731 INFO 模型训练完成。
